{
  "stats": {
    "suites": 1,
    "tests": 1,
    "passes": 1,
    "pending": 0,
    "failures": 0,
    "start": "2025-10-22T21:56:35.178Z",
    "end": "2025-10-22T21:56:46.222Z",
    "duration": 11044,
    "testsRegistered": 1,
    "passPercent": 100,
    "pendingPercent": 0,
    "other": 0,
    "hasOther": false,
    "skipped": 0,
    "hasSkipped": false
  },
  "results": [
    {
      "uuid": "40ace321-1349-44ec-a635-bd8529707f00",
      "title": "",
      "fullFile": "cypress\\integration\\examples\\Test1.js",
      "file": "cypress\\integration\\examples\\Test1.js",
      "beforeHooks": [],
      "afterHooks": [],
      "tests": [],
      "suites": [
        {
          "uuid": "90077893-ccb3-4405-ac91-cbb28a837b00",
          "title": "My First Test Suite",
          "fullFile": "",
          "file": "",
          "beforeHooks": [],
          "afterHooks": [],
          "tests": [
            {
              "title": "My firstTest case",
              "fullTitle": "My First Test Suite My firstTest case",
              "timedOut": null,
              "duration": 7688,
              "state": "passed",
              "speed": "medium",
              "pass": true,
              "fail": false,
              "pending": false,
              "context": null,
              "code": "// Test Step\ncy.visit(Cypress.env('url') + \"/seleniumPractise/#/\");\ncy.title().should('include', 'GreenKart');\ncy.get('.search-keyword').type('ca');\ncy.wait(2000);\n// Handling invivible items\ncy.get('.product:visible').should('have.length', 4);\n// Parent-Child Chaining\ncy.get('.products').as('productLocator');\ncy.get('@productLocator').find('.product').should('have.length', 4);\n// How to select an item and add to cart\ncy.get('@productLocator').find('.product').eq(2).contains('ADD TO CART').click();\n// How to dynamically add items to cart\ncy.get('@productLocator').find('.product').each(($el, index, $list) => {\n  const vegtext = $el.find('h4.product-name').text();\n  if (vegtext.includes('Cashews')) {\n    cy.wrap($el).find('button').click();\n  }\n});\n// Assert if logo is correctly displayed\ncy.get('.brand').should('have.text', 'GREENKART');\n// Manually resolving storing a variable in Cypress and Print in logs\ncy.get('.brand').then(logoelement => {\n  cy.log(logoelement.text());\n});",
              "err": {},
              "uuid": "82652a6d-8caf-46e6-b9f7-8484d18a14c8",
              "parentUUID": "90077893-ccb3-4405-ac91-cbb28a837b00",
              "isHook": false,
              "skipped": false
            }
          ],
          "suites": [],
          "passes": [
            "82652a6d-8caf-46e6-b9f7-8484d18a14c8"
          ],
          "failures": [],
          "pending": [],
          "skipped": [],
          "duration": 7688,
          "root": false,
          "rootEmpty": false,
          "_timeout": 2000
        }
      ],
      "passes": [],
      "failures": [],
      "pending": [],
      "skipped": [],
      "duration": 0,
      "root": true,
      "rootEmpty": true,
      "_timeout": 2000
    }
  ],
  "meta": {
    "mocha": {
      "version": "7.2.0"
    },
    "mochawesome": {
      "options": {
        "quiet": false,
        "reportFilename": "mochawesome",
        "saveHtml": false,
        "saveJson": true,
        "consoleReporter": "spec",
        "useInlineDiffs": false,
        "code": true
      },
      "version": "7.1.4"
    },
    "marge": {
      "options": {
        "overwrite": false,
        "html": false,
        "json": true,
        "reportDir": "cypress\\reports\\html\\.jsons"
      },
      "version": "6.3.0"
    }
  }
}