{
  "stats": {
    "suites": 1,
    "tests": 1,
    "passes": 1,
    "pending": 0,
    "failures": 0,
    "start": "2025-10-22T21:57:24.459Z",
    "end": "2025-10-22T21:57:36.713Z",
    "duration": 12254,
    "testsRegistered": 1,
    "passPercent": 100,
    "pendingPercent": 0,
    "other": 0,
    "hasOther": false,
    "skipped": 0,
    "hasSkipped": false
  },
  "results": [
    {
      "uuid": "98d0c05d-87b2-4bb7-bcda-cfa01f8487b1",
      "title": "",
      "fullFile": "cypress\\integration\\examples\\Test3.js",
      "file": "cypress\\integration\\examples\\Test3.js",
      "beforeHooks": [],
      "afterHooks": [],
      "tests": [],
      "suites": [
        {
          "uuid": "0fbd8fa8-d0a5-4b07-a593-9f0649aaa9fc",
          "title": "My Third Test Suite",
          "fullFile": "",
          "file": "",
          "beforeHooks": [],
          "afterHooks": [],
          "tests": [
            {
              "title": "My thirdTest case",
              "fullTitle": "My Third Test Suite My thirdTest case",
              "timedOut": null,
              "duration": 8538,
              "state": "passed",
              "speed": "medium",
              "pass": true,
              "fail": false,
              "pending": false,
              "context": null,
              "code": "// Test Step\ncy.visit(Cypress.env('url') + \"/AutomationPractice/\");\n// How to select individual checks and validating with multiple assertions\ncy.get('#checkBoxOption1').check().should('be.checked').and('have.value', 'option1');\n// How to uncheck\ncy.get('#checkBoxOption1').uncheck().should('not.be.checked');\n// How to select multiple checkboxes\ncy.get(\"input[type='checkbox']\").check(['option2', 'option3']);\n// Handling Static Dropdown using select()\ncy.get('select').select('option2').should('have.value', 'option2');\n// Handling Dynamic Dropdowns using each()\ncy.get('#autocomplete').type('ind');\ncy.get('.ui-menu-item div').each(($el, index, $list) => {\n  if ($el.text() === 'India') {\n    cy.wrap($el).click();\n  }\n});\n// validate with assertion that the value is indeed true\ncy.get('#autocomplete').should('have.value', 'India');\n// Handling Visible and Invisible elements using assertions\ncy.get('#displayed-text').should('be.visible');\n// check hide box\ncy.get('#hide-textbox').click();\n// check if not visible\ncy.get('#displayed-text').should('not.be.visible');\n// check show box\ncy.get('#show-textbox').click();\n// check if visible\ncy.get('#displayed-text').should('be.visible');\n// Handling Radio buttons\ncy.get('[value=\"radio3\"]').check().should('be.checked').and('have.value', 'radio3');",
              "err": {},
              "uuid": "ae2d186b-2e8a-47f6-88a3-810996304830",
              "parentUUID": "0fbd8fa8-d0a5-4b07-a593-9f0649aaa9fc",
              "isHook": false,
              "skipped": false
            }
          ],
          "suites": [],
          "passes": [
            "ae2d186b-2e8a-47f6-88a3-810996304830"
          ],
          "failures": [],
          "pending": [],
          "skipped": [],
          "duration": 8538,
          "root": false,
          "rootEmpty": false,
          "_timeout": 2000
        }
      ],
      "passes": [],
      "failures": [],
      "pending": [],
      "skipped": [],
      "duration": 0,
      "root": true,
      "rootEmpty": true,
      "_timeout": 2000
    }
  ],
  "meta": {
    "mocha": {
      "version": "7.2.0"
    },
    "mochawesome": {
      "options": {
        "quiet": false,
        "reportFilename": "mochawesome",
        "saveHtml": false,
        "saveJson": true,
        "consoleReporter": "spec",
        "useInlineDiffs": false,
        "code": true
      },
      "version": "7.1.4"
    },
    "marge": {
      "options": {
        "overwrite": false,
        "html": false,
        "json": true,
        "reportDir": "cypress\\reports\\html\\.jsons"
      },
      "version": "6.3.0"
    }
  }
}