{
  "stats": {
    "suites": 1,
    "tests": 1,
    "passes": 1,
    "pending": 0,
    "failures": 0,
    "start": "2025-10-22T21:57:39.542Z",
    "end": "2025-10-22T21:57:52.606Z",
    "duration": 13064,
    "testsRegistered": 1,
    "passPercent": 100,
    "pendingPercent": 0,
    "other": 0,
    "hasOther": false,
    "skipped": 0,
    "hasSkipped": false
  },
  "results": [
    {
      "uuid": "4ccbe68d-314b-4ee7-be78-5567a84c8a97",
      "title": "",
      "fullFile": "cypress\\integration\\examples\\Test4.js",
      "file": "cypress\\integration\\examples\\Test4.js",
      "beforeHooks": [],
      "afterHooks": [],
      "tests": [],
      "suites": [
        {
          "uuid": "169b41e5-5874-48f8-9d31-67a54524ed81",
          "title": "My Fourth Test Suite",
          "fullFile": "",
          "file": "",
          "beforeHooks": [],
          "afterHooks": [],
          "tests": [
            {
              "title": "My fourthTest case",
              "fullTitle": "My Fourth Test Suite My fourthTest case",
              "timedOut": null,
              "duration": 9641,
              "state": "passed",
              "speed": "medium",
              "pass": true,
              "fail": false,
              "pending": false,
              "context": null,
              "code": "// Test Steps\ncy.visit(Cypress.env('url') + \"/AutomationPractice/\");\n// Handling Popups - Cypress autoaccepts alerts and popups\ncy.get('#alertbtn').click();\ncy.get('[value=\"Confirm\"]').click();\n// Verify the text on Popup ie. get and fire events through Cypress to get access to the alert\ncy.on('window:alert', str => {\n  // Compare the two strings\n  expect(str).to.equal('Hello , share this practice page and share your knowledge');\n});\n// Handling confirm event\ncy.on('window:confirm', str => {\n  // Compare the two strings\n  expect(str).to.equal('Hello , Are you sure you want to confirm?');\n});",
              "err": {},
              "uuid": "c19a6aa1-05b5-407a-a669-b99767ef4444",
              "parentUUID": "169b41e5-5874-48f8-9d31-67a54524ed81",
              "isHook": false,
              "skipped": false
            }
          ],
          "suites": [],
          "passes": [
            "c19a6aa1-05b5-407a-a669-b99767ef4444"
          ],
          "failures": [],
          "pending": [],
          "skipped": [],
          "duration": 9641,
          "root": false,
          "rootEmpty": false,
          "_timeout": 2000
        }
      ],
      "passes": [],
      "failures": [],
      "pending": [],
      "skipped": [],
      "duration": 0,
      "root": true,
      "rootEmpty": true,
      "_timeout": 2000
    }
  ],
  "meta": {
    "mocha": {
      "version": "7.2.0"
    },
    "mochawesome": {
      "options": {
        "quiet": false,
        "reportFilename": "mochawesome",
        "saveHtml": false,
        "saveJson": true,
        "consoleReporter": "spec",
        "useInlineDiffs": false,
        "code": true
      },
      "version": "7.1.4"
    },
    "marge": {
      "options": {
        "overwrite": false,
        "html": false,
        "json": true,
        "reportDir": "cypress\\reports\\html\\.jsons"
      },
      "version": "6.3.0"
    }
  }
}